<?xml version="1.0" encoding="utf-8" standalone="no"?>
<!--This file represents the results of running a test suite-->
<test-results name="E:\repo\jenkins-labs-1\Tests\Nop.Core.Tests\bin\Debug\Nop.Tests.dll" total="4" errors="0" failures="0" not-run="0" inconclusive="0" ignored="0" skipped="0" invalid="0" date="2016-04-09" time="16:12:43">
  <environment nunit-version="2.6.4.14350" clr-version="2.0.50727.8670" os-version="Microsoft Windows NT 6.2.9200.0" platform="Win32NT" cwd="E:\repo\jenkins-labs-1\Tests\Nop.Core.Tests\bin\Debug" machine-name="VM-WIN10EN" user="user" user-domain="VM-WIN10EN" />
  <culture-info current-culture="en-US" current-uiculture="en-US" />
  <test-suite type="Assembly" name="E:\repo\jenkins-labs-1\Tests\Nop.Core.Tests\bin\Debug\Nop.Tests.dll" executed="True" result="Success" success="True" time="0.049" asserts="0">
    <results>
      <test-suite type="Namespace" name="Nop" executed="True" result="Success" success="True" time="0.041" asserts="0">
        <results>
          <test-suite type="Namespace" name="Tests" executed="True" result="Success" success="True" time="0.040" asserts="0">
            <results>
              <test-suite type="TestFixture" name="ExceptionAssertTests" executed="True" result="Success" success="True" time="0.039" asserts="0">
                <results>
                  <test-case name="Nop.Tests.ExceptionAssertTests.PassesOnExceptionTrown" executed="True" result="Success" success="True" time="0.019" asserts="1" />
                  <test-case name="Nop.Tests.ExceptionAssertTests.PassesOnExceptionTrown_generic" executed="True" result="Success" success="True" time="0.001" asserts="0" />
                  <test-case name="Nop.Tests.ExceptionAssertTests.ReturnsTheException" executed="True" result="Success" success="True" time="0.001" asserts="2" />
                  <test-case name="Nop.Tests.ExceptionAssertTests.ReturnsTheException_generic" executed="True" result="Success" success="True" time="0.000" asserts="1" />
                </results>
              </test-suite>
            </results>
          </test-suite>
        </results>
      </test-suite>
    </results>
  </test-suite>
</test-results>