<?xml version="1.0" encoding="utf-8" standalone="no"?>
<!--This file represents the results of running a test suite-->
<test-results name="E:\repo\jenkins-labs-1\Tests\Nop.Data.Tests\bin\Debug\Nop.Data.Tests.dll" total="142" errors="0" failures="0" not-run="0" inconclusive="0" ignored="0" skipped="0" invalid="0" date="2016-04-09" time="16:16:57">
  <environment nunit-version="2.6.4.14350" clr-version="2.0.50727.8670" os-version="Microsoft Windows NT 6.2.9200.0" platform="Win32NT" cwd="E:\repo\jenkins-labs-1\Tests\Nop.Data.Tests\bin\Debug" machine-name="VM-WIN10EN" user="user" user-domain="VM-WIN10EN" />
  <culture-info current-culture="en-US" current-uiculture="en-US" />
  <test-suite type="Assembly" name="E:\repo\jenkins-labs-1\Tests\Nop.Data.Tests\bin\Debug\Nop.Data.Tests.dll" executed="True" result="Success" success="True" time="145.282" asserts="0">
    <results>
      <test-suite type="Namespace" name="Nop" executed="True" result="Success" success="True" time="145.273" asserts="0">
        <results>
          <test-suite type="Namespace" name="Data" executed="True" result="Success" success="True" time="145.273" asserts="0">
            <results>
              <test-suite type="Namespace" name="Tests" executed="True" result="Success" success="True" time="145.272" asserts="0">
                <results>
                  <test-suite type="Namespace" name="Affiliates" executed="True" result="Success" success="True" time="7.427" asserts="0">
                    <results>
                      <test-suite type="TestFixture" name="AffiliatePersistenceTests" executed="True" result="Success" success="True" time="7.426" asserts="0">
                        <results>
                          <test-case name="Nop.Data.Tests.Affiliates.AffiliatePersistenceTests.Can_save_and_load_affiliate" executed="True" result="Success" success="True" time="7.413" asserts="7" />
                        </results>
                      </test-suite>
                    </results>
                  </test-suite>
                  <test-suite type="Namespace" name="Blogs" executed="True" result="Success" success="True" time="1.672" asserts="0">
                    <results>
                      <test-suite type="TestFixture" name="BlogPostPersistenceTests" executed="True" result="Success" success="True" time="1.671" asserts="0">
                        <results>
                          <test-case name="Nop.Data.Tests.Blogs.BlogPostPersistenceTests.Can_save_and_load_blogPost" executed="True" result="Success" success="True" time="0.870" asserts="16" />
                          <test-case name="Nop.Data.Tests.Blogs.BlogPostPersistenceTests.Can_save_and_load_blogPost_with_blogComments" executed="True" result="Success" success="True" time="0.799" asserts="3" />
                        </results>
                      </test-suite>
                    </results>
                  </test-suite>
                  <test-suite type="Namespace" name="Catalog" executed="True" result="Success" success="True" time="28.035" asserts="0">
                    <results>
                      <test-suite type="TestFixture" name="BackInStockSubscriptionPersistenceTests" executed="True" result="Success" success="True" time="1.060" asserts="0">
                        <results>
                          <test-case name="Nop.Data.Tests.Catalog.BackInStockSubscriptionPersistenceTests.Can_save_and_load_backInStockSubscription" executed="True" result="Success" success="True" time="1.059" asserts="4" />
                        </results>
                      </test-suite>
                      <test-suite type="TestFixture" name="CategoryPersistenceTests" executed="True" result="Success" success="True" time="0.883" asserts="0">
                        <results>
                          <test-case name="Nop.Data.Tests.Catalog.CategoryPersistenceTests.Can_save_and_load_category" executed="True" result="Success" success="True" time="0.882" asserts="21" />
                        </results>
                      </test-suite>
                      <test-suite type="TestFixture" name="CategoryTemplatePersistenceTests" executed="True" result="Success" success="True" time="0.780" asserts="0">
                        <results>
                          <test-case name="Nop.Data.Tests.Catalog.CategoryTemplatePersistenceTests.Can_save_and_load_categoryTemplate" executed="True" result="Success" success="True" time="0.778" asserts="4" />
                        </results>
                      </test-suite>
                      <test-suite type="TestFixture" name="ManufacturerPersistenceTests" executed="True" result="Success" success="True" time="0.850" asserts="0">
                        <results>
                          <test-case name="Nop.Data.Tests.Catalog.ManufacturerPersistenceTests.Can_save_and_load_manufacturer" executed="True" result="Success" success="True" time="0.849" asserts="18" />
                        </results>
                      </test-suite>
                      <test-suite type="TestFixture" name="ManufacturerTemplatePersistenceTests" executed="True" result="Success" success="True" time="3.257" asserts="0">
                        <results>
                          <test-case name="Nop.Data.Tests.Catalog.ManufacturerTemplatePersistenceTests.Can_save_and_load_manufacturerTemplate" executed="True" result="Success" success="True" time="0.836" asserts="4" />
                        </results>
                      </test-suite>
                      <test-suite type="TestFixture" name="PredefinedProductAttributeValuePersistenceTests" executed="True" result="Success" success="True" time="1.040" asserts="0">
                        <results>
                          <test-case name="Nop.Data.Tests.Catalog.PredefinedProductAttributeValuePersistenceTests.Can_save_and_load_predefinedProductAttributeValue" executed="True" result="Success" success="True" time="1.039" asserts="9" />
                        </results>
                      </test-suite>
                      <test-suite type="TestFixture" name="ProductAttributeCombinationPersistenceTests" executed="True" result="Success" success="True" time="1.213" asserts="0">
                        <results>
                          <test-case name="Nop.Data.Tests.Catalog.ProductAttributeCombinationPersistenceTests.Can_save_and_load_productAttributeCombination" executed="True" result="Success" success="True" time="1.212" asserts="9" />
                        </results>
                      </test-suite>
                      <test-suite type="TestFixture" name="ProductAttributeMappingPersistenceTests" executed="True" result="Success" success="True" time="0.878" asserts="0">
                        <results>
                          <test-case name="Nop.Data.Tests.Catalog.ProductAttributeMappingPersistenceTests.Can_save_and_load_productAttributeMapping" executed="True" result="Success" success="True" time="0.877" asserts="14" />
                        </results>
                      </test-suite>
                      <test-suite type="TestFixture" name="ProductAttributePersistenceTests" executed="True" result="Success" success="True" time="0.770" asserts="0">
                        <results>
                          <test-case name="Nop.Data.Tests.Catalog.ProductAttributePersistenceTests.Can_save_and_load_productAttribute" executed="True" result="Success" success="True" time="0.769" asserts="3" />
                        </results>
                      </test-suite>
                      <test-suite type="TestFixture" name="ProductAttributeValuePersistenceTests" executed="True" result="Success" success="True" time="0.860" asserts="0">
                        <results>
                          <test-case name="Nop.Data.Tests.Catalog.ProductAttributeValuePersistenceTests.Can_save_and_load_productAttributeValue" executed="True" result="Success" success="True" time="0.859" asserts="13" />
                        </results>
                      </test-suite>
                      <test-suite type="TestFixture" name="ProductCategoryPersistenceTests" executed="True" result="Success" success="True" time="0.819" asserts="0">
                        <results>
                          <test-case name="Nop.Data.Tests.Catalog.ProductCategoryPersistenceTests.Can_save_and_load_productCategory" executed="True" result="Success" success="True" time="0.818" asserts="7" />
                        </results>
                      </test-suite>
                      <test-suite type="TestFixture" name="ProductManufacturerPersistenceTests" executed="True" result="Success" success="True" time="0.833" asserts="0">
                        <results>
                          <test-case name="Nop.Data.Tests.Catalog.ProductManufacturerPersistenceTests.Can_save_and_load_productManufacturer" executed="True" result="Success" success="True" time="0.833" asserts="7" />
                        </results>
                      </test-suite>
                      <test-suite type="TestFixture" name="ProductPersistenceTests" executed="True" result="Success" success="True" time="6.394" asserts="0">
                        <results>
                          <test-case name="Nop.Data.Tests.Catalog.ProductPersistenceTests.Can_save_and_load_product" executed="True" result="Success" success="True" time="0.813" asserts="105" />
                          <test-case name="Nop.Data.Tests.Catalog.ProductPersistenceTests.Can_save_and_load_product_with_productCategories" executed="True" result="Success" success="True" time="0.892" asserts="7" />
                          <test-case name="Nop.Data.Tests.Catalog.ProductPersistenceTests.Can_save_and_load_product_with_productManufacturers" executed="True" result="Success" success="True" time="0.908" asserts="7" />
                          <test-case name="Nop.Data.Tests.Catalog.ProductPersistenceTests.Can_save_and_load_product_with_productPictures" executed="True" result="Success" success="True" time="0.924" asserts="7" />
                          <test-case name="Nop.Data.Tests.Catalog.ProductPersistenceTests.Can_save_and_load_product_with_productTags" executed="True" result="Success" success="True" time="0.974" asserts="5" />
                          <test-case name="Nop.Data.Tests.Catalog.ProductPersistenceTests.Can_save_and_load_product_with_productWarehouseInventory" executed="True" result="Success" success="True" time="0.908" asserts="5" />
                          <test-case name="Nop.Data.Tests.Catalog.ProductPersistenceTests.Can_save_and_load_product_with_tierPrices" executed="True" result="Success" success="True" time="0.964" asserts="5" />
                        </results>
                      </test-suite>
                      <test-suite type="TestFixture" name="ProductPicturePersistenceTests" executed="True" result="Success" success="True" time="0.822" asserts="0">
                        <results>
                          <test-case name="Nop.Data.Tests.Catalog.ProductPicturePersistenceTests.Can_save_and_load_productPicture" executed="True" result="Success" success="True" time="0.821" asserts="6" />
                        </results>
                      </test-suite>
                      <test-suite type="TestFixture" name="ProductSpecificationAttributePersistenceTests" executed="True" result="Success" success="True" time="0.898" asserts="0">
                        <results>
                          <test-case name="Nop.Data.Tests.Catalog.ProductSpecificationAttributePersistenceTests.Can_save_and_load_productSpecificationAttribute" executed="True" result="Success" success="True" time="0.897" asserts="9" />
                        </results>
                      </test-suite>
                      <test-suite type="TestFixture" name="ProductTagPersistenceTests" executed="True" result="Success" success="True" time="0.866" asserts="0">
                        <results>
                          <test-case name="Nop.Data.Tests.Catalog.ProductTagPersistenceTests.Can_save_and_load_productTag" executed="True" result="Success" success="True" time="0.864" asserts="2" />
                        </results>
                      </test-suite>
                      <test-suite type="TestFixture" name="ProductTemplatePersistenceTests" executed="True" result="Success" success="True" time="0.867" asserts="0">
                        <results>
                          <test-case name="Nop.Data.Tests.Catalog.ProductTemplatePersistenceTests.Can_save_and_load_productTemplate" executed="True" result="Success" success="True" time="0.867" asserts="4" />
                        </results>
                      </test-suite>
                      <test-suite type="TestFixture" name="ProductWarehouseInventoryPersistenceTests" executed="True" result="Success" success="True" time="0.864" asserts="0">
                        <results>
                          <test-case name="Nop.Data.Tests.Catalog.ProductWarehouseInventoryPersistenceTests.Can_save_and_load_productWarehouseInventory" executed="True" result="Success" success="True" time="0.863" asserts="7" />
                        </results>
                      </test-suite>
                      <test-suite type="TestFixture" name="SpecificationAttributeOptionPersistenceTests" executed="True" result="Success" success="True" time="0.830" asserts="0">
                        <results>
                          <test-case name="Nop.Data.Tests.Catalog.SpecificationAttributeOptionPersistenceTests.Can_save_and_load_specificationAttributeOption" executed="True" result="Success" success="True" time="0.830" asserts="5" />
                        </results>
                      </test-suite>
                      <test-suite type="TestFixture" name="SpecificationAttributePersistenceTests" executed="True" result="Success" success="True" time="1.590" asserts="0">
                        <results>
                          <test-case name="Nop.Data.Tests.Catalog.SpecificationAttributePersistenceTests.Can_save_and_load_specificationAttribute" executed="True" result="Success" success="True" time="0.788" asserts="3" />
                          <test-case name="Nop.Data.Tests.Catalog.SpecificationAttributePersistenceTests.Can_save_and_load_specificationAttribute_with_specificationAttributeOptions" executed="True" result="Success" success="True" time="0.799" asserts="5" />
                        </results>
                      </test-suite>
                      <test-suite type="TestFixture" name="TierPricePersistenceTests" executed="True" result="Success" success="True" time="1.598" asserts="0">
                        <results>
                          <test-case name="Nop.Data.Tests.Catalog.TierPricePersistenceTests.Can_save_and_load_tierPrice" executed="True" result="Success" success="True" time="0.784" asserts="5" />
                          <test-case name="Nop.Data.Tests.Catalog.TierPricePersistenceTests.Can_save_and_load_tierPriceWithCustomerRole" executed="True" result="Success" success="True" time="0.811" asserts="3" />
                        </results>
                      </test-suite>
                    </results>
                  </test-suite>
                  <test-suite type="Namespace" name="Common" executed="True" result="Success" success="True" time="5.629" asserts="0">
                    <results>
                      <test-suite type="TestFixture" name="AddressAttributePersistenceTests" executed="True" result="Success" success="True" time="1.525" asserts="0">
                        <results>
                          <test-case name="Nop.Data.Tests.Common.AddressAttributePersistenceTests.Can_save_and_load_addressAttribute" executed="True" result="Success" success="True" time="0.786" asserts="5" />
                          <test-case name="Nop.Data.Tests.Common.AddressAttributePersistenceTests.Can_save_and_load_addressAttribute_with_values" executed="True" result="Success" success="True" time="0.738" asserts="5" />
                        </results>
                      </test-suite>
                      <test-suite type="TestFixture" name="AddressPeristenceTests" executed="True" result="Success" success="True" time="1.634" asserts="0">
                        <results>
                          <test-case name="Nop.Data.Tests.Common.AddressPeristenceTests.Can_save_and_load_address" executed="True" result="Success" success="True" time="0.801" asserts="15" />
                          <test-case name="Nop.Data.Tests.Common.AddressPeristenceTests.Can_save_and_load_address_with_stateProvince" executed="True" result="Success" success="True" time="0.831" asserts="3" />
                        </results>
                      </test-suite>
                      <test-suite type="TestFixture" name="CheckoutAttributeValuePersistenceTests" executed="True" result="Success" success="True" time="0.847" asserts="0">
                        <results>
                          <test-case name="Nop.Data.Tests.Common.CheckoutAttributeValuePersistenceTests.Can_save_and_load_addressAttributeValue" executed="True" result="Success" success="True" time="0.846" asserts="6" />
                        </results>
                      </test-suite>
                      <test-suite type="TestFixture" name="GenericAttributePersistenceTests" executed="True" result="Success" success="True" time="0.856" asserts="0">
                        <results>
                          <test-case name="Nop.Data.Tests.Common.GenericAttributePersistenceTests.Can_save_and_load_genericAttribute" executed="True" result="Success" success="True" time="0.855" asserts="6" />
                        </results>
                      </test-suite>
                      <test-suite type="TestFixture" name="SearchTermPeristenceTests" executed="True" result="Success" success="True" time="0.758" asserts="0">
                        <results>
                          <test-case name="Nop.Data.Tests.Common.SearchTermPeristenceTests.Can_save_and_load_searchTerm" executed="True" result="Success" success="True" time="0.757" asserts="4" />
                        </results>
                      </test-suite>
                    </results>
                  </test-suite>
                  <test-suite type="Namespace" name="Configuration" executed="True" result="Success" success="True" time="0.801" asserts="0">
                    <results>
                      <test-suite type="TestFixture" name="SettingPersistenceTests" executed="True" result="Success" success="True" time="0.800" asserts="0">
                        <results>
                          <test-case name="Nop.Data.Tests.Configuration.SettingPersistenceTests.Can_save_and_load_setting" executed="True" result="Success" success="True" time="0.799" asserts="4" />
                        </results>
                      </test-suite>
                    </results>
                  </test-suite>
                  <test-suite type="Namespace" name="Customers" executed="True" result="Success" success="True" time="12.344" asserts="0">
                    <results>
                      <test-suite type="TestFixture" name="CheckoutAttributeValuePersistenceTests" executed="True" result="Success" success="True" time="0.897" asserts="0">
                        <results>
                          <test-case name="Nop.Data.Tests.Customers.CheckoutAttributeValuePersistenceTests.Can_save_and_load_customerAttributeValue" executed="True" result="Success" success="True" time="0.897" asserts="6" />
                        </results>
                      </test-suite>
                      <test-suite type="TestFixture" name="CustomerAttributePersistenceTests" executed="True" result="Success" success="True" time="1.591" asserts="0">
                        <results>
                          <test-case name="Nop.Data.Tests.Customers.CustomerAttributePersistenceTests.Can_save_and_load_customerAttribute" executed="True" result="Success" success="True" time="0.826" asserts="5" />
                          <test-case name="Nop.Data.Tests.Customers.CustomerAttributePersistenceTests.Can_save_and_load_customerAttribute_with_values" executed="True" result="Success" success="True" time="0.763" asserts="5" />
                        </results>
                      </test-suite>
                      <test-suite type="TestFixture" name="CustomerPersistenceTests" executed="True" result="Success" success="True" time="5.702" asserts="0">
                        <results>
                          <test-case name="Nop.Data.Tests.Customers.CustomerPersistenceTests.Can_remove_a_customer_address" executed="True" result="Success" success="True" time="0.896" asserts="5" />
                          <test-case name="Nop.Data.Tests.Customers.CustomerPersistenceTests.Can_save_and_load_customer" executed="True" result="Success" success="True" time="0.748" asserts="19" />
                          <test-case name="Nop.Data.Tests.Customers.CustomerPersistenceTests.Can_save_and_load_customer_with_address" executed="True" result="Success" success="True" time="0.774" asserts="3" />
                          <test-case name="Nop.Data.Tests.Customers.CustomerPersistenceTests.Can_save_and_load_customer_with_customerRoles" executed="True" result="Success" success="True" time="0.811" asserts="4" />
                          <test-case name="Nop.Data.Tests.Customers.CustomerPersistenceTests.Can_save_and_load_customer_with_externalAuthenticationRecord" executed="True" result="Success" success="True" time="0.806" asserts="4" />
                          <test-case name="Nop.Data.Tests.Customers.CustomerPersistenceTests.Can_save_and_load_customer_with_shopping_cart" executed="True" result="Success" success="True" time="0.879" asserts="4" />
                          <test-case name="Nop.Data.Tests.Customers.CustomerPersistenceTests.Can_set_default_billing_and_shipping_address" executed="True" result="Success" success="True" time="0.779" asserts="6" />
                        </results>
                      </test-suite>
                      <test-suite type="TestFixture" name="CustomerRolePersistenceTests" executed="True" result="Success" success="True" time="1.555" asserts="0">
                        <results>
                          <test-case name="Nop.Data.Tests.Customers.CustomerRolePersistenceTests.Can_save_and_load_customerRole" executed="True" result="Success" success="True" time="0.775" asserts="8" />
                          <test-case name="Nop.Data.Tests.Customers.CustomerRolePersistenceTests.Can_save_and_load_customerRole_with_permissions" executed="True" result="Success" success="True" time="0.779" asserts="5" />
                        </results>
                      </test-suite>
                      <test-suite type="TestFixture" name="ExternalAuthenticationRecordPersistenceTests" executed="True" result="Success" success="True" time="0.783" asserts="0">
                        <results>
                          <test-case name="Nop.Data.Tests.Customers.ExternalAuthenticationRecordPersistenceTests.Can_save_and_load_externalAuthenticationRecord" executed="True" result="Success" success="True" time="0.782" asserts="8" />
                        </results>
                      </test-suite>
                      <test-suite type="TestFixture" name="RewardPointsHistoryPersistenceTests" executed="True" result="Success" success="True" time="1.806" asserts="0">
                        <results>
                          <test-case name="Nop.Data.Tests.Customers.RewardPointsHistoryPersistenceTests.Can_save_and_load_rewardPointsHistory" executed="True" result="Success" success="True" time="0.821" asserts="8" />
                          <test-case name="Nop.Data.Tests.Customers.RewardPointsHistoryPersistenceTests.Can_save_and_load_rewardPointsHistory_with_order" executed="True" result="Success" success="True" time="0.983" asserts="3" />
                        </results>
                      </test-suite>
                    </results>
                  </test-suite>
                  <test-suite type="Namespace" name="Directory" executed="True" result="Success" success="True" time="5.638" asserts="0">
                    <results>
                      <test-suite type="TestFixture" name="CountryPersistenceTests" executed="True" result="Success" success="True" time="2.385" asserts="0">
                        <results>
                          <test-case name="Nop.Data.Tests.Directory.CountryPersistenceTests.Can_save_and_load_country" executed="True" result="Success" success="True" time="0.785" asserts="11" />
                          <test-case name="Nop.Data.Tests.Directory.CountryPersistenceTests.Can_save_and_load_country_with_restrictions" executed="True" result="Success" success="True" time="0.848" asserts="5" />
                          <test-case name="Nop.Data.Tests.Directory.CountryPersistenceTests.Can_save_and_load_country_with_states" executed="True" result="Success" success="True" time="0.748" asserts="5" />
                        </results>
                      </test-suite>
                      <test-suite type="TestFixture" name="CurrencyPersistenceTests" executed="True" result="Success" success="True" time="0.829" asserts="0">
                        <results>
                          <test-case name="Nop.Data.Tests.Directory.CurrencyPersistenceTests.Can_save_and_load_currency" executed="True" result="Success" success="True" time="0.829" asserts="11" />
                        </results>
                      </test-suite>
                      <test-suite type="TestFixture" name="MeasureDimensionPersistenceTests" executed="True" result="Success" success="True" time="0.789" asserts="0">
                        <results>
                          <test-case name="Nop.Data.Tests.Directory.MeasureDimensionPersistenceTests.Can_save_and_load_measureDimension" executed="True" result="Success" success="True" time="0.788" asserts="5" />
                        </results>
                      </test-suite>
                      <test-suite type="TestFixture" name="MeasureWeightPersistenceTests" executed="True" result="Success" success="True" time="0.845" asserts="0">
                        <results>
                          <test-case name="Nop.Data.Tests.Directory.MeasureWeightPersistenceTests.Can_save_and_load_measureWeight" executed="True" result="Success" success="True" time="0.844" asserts="5" />
                        </results>
                      </test-suite>
                      <test-suite type="TestFixture" name="StateProvincePersistenceTests" executed="True" result="Success" success="True" time="0.784" asserts="0">
                        <results>
                          <test-case name="Nop.Data.Tests.Directory.StateProvincePersistenceTests.Can_save_and_load_stateProvince" executed="True" result="Success" success="True" time="0.783" asserts="7" />
                        </results>
                      </test-suite>
                    </results>
                  </test-suite>
                  <test-suite type="Namespace" name="Discounts" executed="True" result="Success" success="True" time="4.912" asserts="0">
                    <results>
                      <test-suite type="TestFixture" name="DiscountPersistenceTests" executed="True" result="Success" success="True" time="3.206" asserts="0">
                        <results>
                          <test-case name="Nop.Data.Tests.Discounts.DiscountPersistenceTests.Can_save_and_load_discount" executed="True" result="Success" success="True" time="0.821" asserts="15" />
                          <test-case name="Nop.Data.Tests.Discounts.DiscountPersistenceTests.Can_save_and_load_discount_with_appliedCategories" executed="True" result="Success" success="True" time="0.788" asserts="4" />
                          <test-case name="Nop.Data.Tests.Discounts.DiscountPersistenceTests.Can_save_and_load_discount_with_appliedProducts" executed="True" result="Success" success="True" time="0.800" asserts="4" />
                          <test-case name="Nop.Data.Tests.Discounts.DiscountPersistenceTests.Can_save_and_load_discount_with_discountRequirements" executed="True" result="Success" success="True" time="0.793" asserts="5" />
                        </results>
                      </test-suite>
                      <test-suite type="TestFixture" name="DiscountRequirementPersistenceTests" executed="True" result="Success" success="True" time="0.801" asserts="0">
                        <results>
                          <test-case name="Nop.Data.Tests.Discounts.DiscountRequirementPersistenceTests.Can_save_and_load_discountRequirement" executed="True" result="Success" success="True" time="0.800" asserts="4" />
                        </results>
                      </test-suite>
                      <test-suite type="TestFixture" name="DiscountUsageHistoryPersistenceTests" executed="True" result="Success" success="True" time="0.901" asserts="0">
                        <results>
                          <test-case name="Nop.Data.Tests.Discounts.DiscountUsageHistoryPersistenceTests.Can_save_and_load_discountUsageHistory" executed="True" result="Success" success="True" time="0.900" asserts="4" />
                        </results>
                      </test-suite>
                    </results>
                  </test-suite>
                  <test-suite type="Namespace" name="Forums" executed="True" result="Success" success="True" time="6.843" asserts="0">
                    <results>
                      <test-suite type="TestFixture" name="ForumGroupPersistenceTests" executed="True" result="Success" success="True" time="1.588" asserts="0">
                        <results>
                          <test-case name="Nop.Data.Tests.Forums.ForumGroupPersistenceTests.Can_save_and_load_forumgroup" executed="True" result="Success" success="True" time="0.767" asserts="5" />
                          <test-case name="Nop.Data.Tests.Forums.ForumGroupPersistenceTests.Can_save_and_load_forumgroup_with_forums" executed="True" result="Success" success="True" time="0.819" asserts="4" />
                        </results>
                      </test-suite>
                      <test-suite type="TestFixture" name="ForumPersistenceTests" executed="True" result="Success" success="True" time="0.765" asserts="0">
                        <results>
                          <test-case name="Nop.Data.Tests.Forums.ForumPersistenceTests.Can_save_and_load_forum" executed="True" result="Success" success="True" time="0.764" asserts="8" />
                        </results>
                      </test-suite>
                      <test-suite type="TestFixture" name="ForumPostPersistenceTests" executed="True" result="Success" success="True" time="0.981" asserts="0">
                        <results>
                          <test-case name="Nop.Data.Tests.Forums.ForumPostPersistenceTests.Can_save_and_load_forumpost" executed="True" result="Success" success="True" time="0.980" asserts="21" />
                        </results>
                      </test-suite>
                      <test-suite type="TestFixture" name="ForumSubscriptionPersistenceTests" executed="True" result="Success" success="True" time="1.824" asserts="0">
                        <results>
                          <test-case name="Nop.Data.Tests.Forums.ForumSubscriptionPersistenceTests.Can_save_and_load_forum_subscription_forum_subscribed" executed="True" result="Success" success="True" time="0.931" asserts="21" />
                          <test-case name="Nop.Data.Tests.Forums.ForumSubscriptionPersistenceTests.Can_save_and_load_forum_subscription_topic_subscribed" executed="True" result="Success" success="True" time="0.890" asserts="21" />
                        </results>
                      </test-suite>
                      <test-suite type="TestFixture" name="ForumTopicPersistenceTests" executed="True" result="Success" success="True" time="0.765" asserts="0">
                        <results>
                          <test-case name="Nop.Data.Tests.Forums.ForumTopicPersistenceTests.Can_save_and_load_forumtopic" executed="True" result="Success" success="True" time="0.764" asserts="17" />
                        </results>
                      </test-suite>
                      <test-suite type="TestFixture" name="PrivateMessagePersistenceTests" executed="True" result="Success" success="True" time="0.912" asserts="0">
                        <results>
                          <test-case name="Nop.Data.Tests.Forums.PrivateMessagePersistenceTests.Can_save_and_load_privatemessage" executed="True" result="Success" success="True" time="0.911" asserts="9" />
                        </results>
                      </test-suite>
                    </results>
                  </test-suite>
                  <test-suite type="Namespace" name="Localization" executed="True" result="Success" success="True" time="3.245" asserts="0">
                    <results>
                      <test-suite type="TestFixture" name="LanguagePersistenceTests" executed="True" result="Success" success="True" time="1.648" asserts="0">
                        <results>
                          <test-case name="Nop.Data.Tests.Localization.LanguagePersistenceTests.Can_save_and_load_language" executed="True" result="Success" success="True" time="0.753" asserts="10" />
                          <test-case name="Nop.Data.Tests.Localization.LanguagePersistenceTests.Can_save_and_load_language_with_localeStringResources" executed="True" result="Success" success="True" time="0.893" asserts="5" />
                        </results>
                      </test-suite>
                      <test-suite type="TestFixture" name="LocaleStringResourcePersistenceTests" executed="True" result="Success" success="True" time="0.775" asserts="0">
                        <results>
                          <test-case name="Nop.Data.Tests.Localization.LocaleStringResourcePersistenceTests.Can_save_and_load_lst" executed="True" result="Success" success="True" time="0.774" asserts="5" />
                        </results>
                      </test-suite>
                      <test-suite type="TestFixture" name="LocalizedPropertyPersistenceTests" executed="True" result="Success" success="True" time="0.785" asserts="0">
                        <results>
                          <test-case name="Nop.Data.Tests.Localization.LocalizedPropertyPersistenceTests.Can_save_and_load_localizedProperty" executed="True" result="Success" success="True" time="0.784" asserts="7" />
                        </results>
                      </test-suite>
                    </results>
                  </test-suite>
                  <test-suite type="Namespace" name="Logging" executed="True" result="Success" success="True" time="2.398" asserts="0">
                    <results>
                      <test-suite type="TestFixture" name="ActivityLogPersistenceTests" executed="True" result="Success" success="True" time="0.779" asserts="0">
                        <results>
                          <test-case name="Nop.Data.Tests.Logging.ActivityLogPersistenceTests.Can_save_and_load_activityLogType" executed="True" result="Success" success="True" time="0.778" asserts="4" />
                        </results>
                      </test-suite>
                      <test-suite type="TestFixture" name="LogPersistenceTests" executed="True" result="Success" success="True" time="1.616" asserts="0">
                        <results>
                          <test-case name="Nop.Data.Tests.Logging.LogPersistenceTests.Can_save_and_load_log" executed="True" result="Success" success="True" time="0.835" asserts="8" />
                          <test-case name="Nop.Data.Tests.Logging.LogPersistenceTests.Can_save_and_load_log_with_customer" executed="True" result="Success" success="True" time="0.779" asserts="5" />
                        </results>
                      </test-suite>
                    </results>
                  </test-suite>
                  <test-suite type="Namespace" name="Media" executed="True" result="Success" success="True" time="1.562" asserts="0">
                    <results>
                      <test-suite type="TestFixture" name="DownloadPersistenceTests" executed="True" result="Success" success="True" time="0.772" asserts="0">
                        <results>
                          <test-case name="Nop.Data.Tests.Media.DownloadPersistenceTests.Can_save_and_load_download" executed="True" result="Success" success="True" time="0.771" asserts="9" />
                        </results>
                      </test-suite>
                      <test-suite type="TestFixture" name="PicturePersistenceTests" executed="True" result="Success" success="True" time="0.788" asserts="0">
                        <results>
                          <test-case name="Nop.Data.Tests.Media.PicturePersistenceTests.Can_save_and_load_picture" executed="True" result="Success" success="True" time="0.787" asserts="7" />
                        </results>
                      </test-suite>
                    </results>
                  </test-suite>
                  <test-suite type="Namespace" name="Messages" executed="True" result="Success" success="True" time="4.094" asserts="0">
                    <results>
                      <test-suite type="TestFixture" name="CampaignPersistenceTests" executed="True" result="Success" success="True" time="0.776" asserts="0">
                        <results>
                          <test-case name="Nop.Data.Tests.Messages.CampaignPersistenceTests.Can_save_and_load_campaign" executed="True" result="Success" success="True" time="0.775" asserts="5" />
                        </results>
                      </test-suite>
                      <test-suite type="TestFixture" name="EmailAccountPersistenceTests" executed="True" result="Success" success="True" time="0.795" asserts="0">
                        <results>
                          <test-case name="Nop.Data.Tests.Messages.EmailAccountPersistenceTests.Can_save_and_load_emailAccount" executed="True" result="Success" success="True" time="0.794" asserts="9" />
                        </results>
                      </test-suite>
                      <test-suite type="TestFixture" name="MessageTemplatePersistenceTests" executed="True" result="Success" success="True" time="0.825" asserts="0">
                        <results>
                          <test-case name="Nop.Data.Tests.Messages.MessageTemplatePersistenceTests.Can_save_and_load_messageTemplate" executed="True" result="Success" success="True" time="0.824" asserts="9" />
                        </results>
                      </test-suite>
                      <test-suite type="TestFixture" name="NewsLetterSubscriptionPersistenceTests" executed="True" result="Success" success="True" time="0.771" asserts="0">
                        <results>
                          <test-case name="Nop.Data.Tests.Messages.NewsLetterSubscriptionPersistenceTests.Can_save_and_load_nls" executed="True" result="Success" success="True" time="0.770" asserts="6" />
                        </results>
                      </test-suite>
                      <test-suite type="TestFixture" name="QueuedEmailPersistenceTests" executed="True" result="Success" success="True" time="0.921" asserts="0">
                        <results>
                          <test-case name="Nop.Data.Tests.Messages.QueuedEmailPersistenceTests.Can_save_and_load_queuedEmail" executed="True" result="Success" success="True" time="0.919" asserts="21" />
                        </results>
                      </test-suite>
                    </results>
                  </test-suite>
                  <test-suite type="Namespace" name="News" executed="True" result="Success" success="True" time="1.673" asserts="0">
                    <results>
                      <test-suite type="TestFixture" name="NewsPersistenceTests" executed="True" result="Success" success="True" time="1.672" asserts="0">
                        <results>
                          <test-case name="Nop.Data.Tests.News.NewsPersistenceTests.Can_save_and_load_newsItem" executed="True" result="Success" success="True" time="0.871" asserts="16" />
                          <test-case name="Nop.Data.Tests.News.NewsPersistenceTests.Can_save_and_load_newsItem_with_comments" executed="True" result="Success" success="True" time="0.799" asserts="4" />
                        </results>
                      </test-suite>
                    </results>
                  </test-suite>
                  <test-suite type="Namespace" name="Orders" executed="True" result="Success" success="True" time="21.193" asserts="0">
                    <results>
                      <test-suite type="TestFixture" name="CheckoutAttributePersistenceTests" executed="True" result="Success" success="True" time="1.609" asserts="0">
                        <results>
                          <test-case name="Nop.Data.Tests.Orders.CheckoutAttributePersistenceTests.Can_save_and_load_checkoutAttribute" executed="True" result="Success" success="True" time="0.794" asserts="15" />
                          <test-case name="Nop.Data.Tests.Orders.CheckoutAttributePersistenceTests.Can_save_and_load_checkoutAttribute_with_values" executed="True" result="Success" success="True" time="0.812" asserts="5" />
                        </results>
                      </test-suite>
                      <test-suite type="TestFixture" name="CheckoutAttributeValuePersistenceTests" executed="True" result="Success" success="True" time="0.818" asserts="0">
                        <results>
                          <test-case name="Nop.Data.Tests.Orders.CheckoutAttributeValuePersistenceTests.Can_save_and_load_checkoutAttributeValue" executed="True" result="Success" success="True" time="0.817" asserts="9" />
                        </results>
                      </test-suite>
                      <test-suite type="TestFixture" name="GiftCardPersistenceTests" executed="True" result="Success" success="True" time="2.567" asserts="0">
                        <results>
                          <test-case name="Nop.Data.Tests.Orders.GiftCardPersistenceTests.Can_save_and_load_giftCard" executed="True" result="Success" success="True" time="0.870" asserts="12" />
                          <test-case name="Nop.Data.Tests.Orders.GiftCardPersistenceTests.Can_save_and_load_giftCard_with_associatedItem" executed="True" result="Success" success="True" time="0.884" asserts="4" />
                          <test-case name="Nop.Data.Tests.Orders.GiftCardPersistenceTests.Can_save_and_load_giftCard_with_usageHistory" executed="True" result="Success" success="True" time="0.810" asserts="4" />
                        </results>
                      </test-suite>
                      <test-suite type="TestFixture" name="GiftCardUsageHistoryPersistenceTests" executed="True" result="Success" success="True" time="0.810" asserts="0">
                        <results>
                          <test-case name="Nop.Data.Tests.Orders.GiftCardUsageHistoryPersistenceTests.Can_save_and_load_giftCardUsageHistory" executed="True" result="Success" success="True" time="0.809" asserts="5" />
                        </results>
                      </test-suite>
                      <test-suite type="TestFixture" name="OrderItemPersistenceTests" executed="True" result="Success" success="True" time="1.640" asserts="0">
                        <results>
                          <test-case name="Nop.Data.Tests.Orders.OrderItemPersistenceTests.Can_save_and_load_orderItem" executed="True" result="Success" success="True" time="0.834" asserts="19" />
                          <test-case name="Nop.Data.Tests.Orders.OrderItemPersistenceTests.Can_save_and_load_orderItem_with_giftCard" executed="True" result="Success" success="True" time="0.803" asserts="4" />
                        </results>
                      </test-suite>
                      <test-suite type="TestFixture" name="OrderNotePersistenceTests" executed="True" result="Success" success="True" time="0.808" asserts="0">
                        <results>
                          <test-case name="Nop.Data.Tests.Orders.OrderNotePersistenceTests.Can_save_and_load_orderNote" executed="True" result="Success" success="True" time="0.807" asserts="6" />
                        </results>
                      </test-suite>
                      <test-suite type="TestFixture" name="OrderPersistenceTests" executed="True" result="Success" success="True" time="6.636" asserts="0">
                        <results>
                          <test-case name="Nop.Data.Tests.Orders.OrderPersistenceTests.Can_save_and_load_order" executed="True" result="Success" success="True" time="0.873" asserts="53" />
                          <test-case name="Nop.Data.Tests.Orders.OrderPersistenceTests.Can_save_and_load_order_with_discountUsageHistory" executed="True" result="Success" success="True" time="0.826" asserts="5" />
                          <test-case name="Nop.Data.Tests.Orders.OrderPersistenceTests.Can_save_and_load_order_with_giftCardUsageHistory" executed="True" result="Success" success="True" time="0.840" asserts="4" />
                          <test-case name="Nop.Data.Tests.Orders.OrderPersistenceTests.Can_save_and_load_order_with_orderItems" executed="True" result="Success" success="True" time="0.803" asserts="4" />
                          <test-case name="Nop.Data.Tests.Orders.OrderPersistenceTests.Can_save_and_load_order_with_orderNotes" executed="True" result="Success" success="True" time="0.826" asserts="4" />
                          <test-case name="Nop.Data.Tests.Orders.OrderPersistenceTests.Can_save_and_load_order_with_shipments" executed="True" result="Success" success="True" time="0.816" asserts="4" />
                          <test-case name="Nop.Data.Tests.Orders.OrderPersistenceTests.Can_save_and_load_order_with_shipping_address" executed="True" result="Success" success="True" time="0.816" asserts="3" />
                          <test-case name="Nop.Data.Tests.Orders.OrderPersistenceTests.Can_save_and_load_order_with_usedRewardPoints" executed="True" result="Success" success="True" time="0.827" asserts="5" />
                        </results>
                      </test-suite>
                      <test-suite type="TestFixture" name="RecurringPaymentHistoryPersistenceTests" executed="True" result="Success" success="True" time="0.829" asserts="0">
                        <results>
                          <test-case name="Nop.Data.Tests.Orders.RecurringPaymentHistoryPersistenceTests.Can_save_and_load_recurringPaymentHistory" executed="True" result="Success" success="True" time="0.828" asserts="4" />
                        </results>
                      </test-suite>
                      <test-suite type="TestFixture" name="RecurringPaymentPersistenceTests" executed="True" result="Success" success="True" time="1.567" asserts="0">
                        <results>
                          <test-case name="Nop.Data.Tests.Orders.RecurringPaymentPersistenceTests.Can_save_and_load_recurringPayment" executed="True" result="Success" success="True" time="0.777" asserts="9" />
                          <test-case name="Nop.Data.Tests.Orders.RecurringPaymentPersistenceTests.Can_save_and_load_recurringPayment_with_history" executed="True" result="Success" success="True" time="0.787" asserts="4" />
                        </results>
                      </test-suite>
                      <test-suite type="TestFixture" name="ReturnRequestActionPersistenceTests" executed="True" result="Success" success="True" time="0.772" asserts="0">
                        <results>
                          <test-case name="Nop.Data.Tests.Orders.ReturnRequestActionPersistenceTests.Can_save_and_load_returnRequestAction" executed="True" result="Success" success="True" time="0.771" asserts="3" />
                        </results>
                      </test-suite>
                      <test-suite type="TestFixture" name="ReturnRequestPersistenceTests" executed="True" result="Success" success="True" time="0.856" asserts="0">
                        <results>
                          <test-case name="Nop.Data.Tests.Orders.ReturnRequestPersistenceTests.Can_save_and_load_returnRequest" executed="True" result="Success" success="True" time="0.855" asserts="11" />
                        </results>
                      </test-suite>
                      <test-suite type="TestFixture" name="ReturnRequestReasonPersistenceTests" executed="True" result="Success" success="True" time="0.748" asserts="0">
                        <results>
                          <test-case name="Nop.Data.Tests.Orders.ReturnRequestReasonPersistenceTests.Can_save_and_load_returnRequestReason" executed="True" result="Success" success="True" time="0.747" asserts="3" />
                        </results>
                      </test-suite>
                      <test-suite type="TestFixture" name="RewardPointHistoryTests" executed="True" result="Success" success="True" time="0.716" asserts="0">
                        <results>
                          <test-case name="Nop.Data.Tests.Orders.RewardPointHistoryTests.Can_save_and_load_rewardPointHistory" executed="True" result="Success" success="True" time="0.715" asserts="8" />
                        </results>
                      </test-suite>
                      <test-suite type="TestFixture" name="ShoppingCartItemPeristenceTests" executed="True" result="Success" success="True" time="0.792" asserts="0">
                        <results>
                          <test-case name="Nop.Data.Tests.Orders.ShoppingCartItemPeristenceTests.Can_save_and_load_shoppingCartItem" executed="True" result="Success" success="True" time="0.791" asserts="12" />
                        </results>
                      </test-suite>
                    </results>
                  </test-suite>
                  <test-suite type="Namespace" name="Polls" executed="True" result="Success" success="True" time="2.600" asserts="0">
                    <results>
                      <test-suite type="TestFixture" name="PollPersistenceTests" executed="True" result="Success" success="True" time="2.599" asserts="0">
                        <results>
                          <test-case name="Nop.Data.Tests.Polls.PollPersistenceTests.Can_save_and_load_poll" executed="True" result="Success" success="True" time="0.927" asserts="10" />
                          <test-case name="Nop.Data.Tests.Polls.PollPersistenceTests.Can_save_and_load_poll_with_answer_and_votingrecord" executed="True" result="Success" success="True" time="0.844" asserts="5" />
                          <test-case name="Nop.Data.Tests.Polls.PollPersistenceTests.Can_save_and_load_poll_with_answers" executed="True" result="Success" success="True" time="0.822" asserts="6" />
                        </results>
                      </test-suite>
                    </results>
                  </test-suite>
                  <test-suite type="TestFixture" name="SchemaTests" executed="True" result="Success" success="True" time="0.025" asserts="0">
                    <results>
                      <test-case name="Nop.Data.Tests.SchemaTests.Can_generate_schema" executed="True" result="Success" success="True" time="0.023" asserts="1" />
                    </results>
                  </test-suite>
                  <test-suite type="Namespace" name="Security" executed="True" result="Success" success="True" time="2.404" asserts="0">
                    <results>
                      <test-suite type="TestFixture" name="AclRecordPersistenceTests" executed="True" result="Success" success="True" time="0.827" asserts="0">
                        <results>
                          <test-case name="Nop.Data.Tests.Security.AclRecordPersistenceTests.Can_save_and_load_urlRecord" executed="True" result="Success" success="True" time="0.826" asserts="4" />
                        </results>
                      </test-suite>
                      <test-suite type="TestFixture" name="PermissionRecordPersistenceTests" executed="True" result="Success" success="True" time="1.575" asserts="0">
                        <results>
                          <test-case name="Nop.Data.Tests.Security.PermissionRecordPersistenceTests.Can_save_and_load_permissionRecord" executed="True" result="Success" success="True" time="0.771" asserts="4" />
                          <test-case name="Nop.Data.Tests.Security.PermissionRecordPersistenceTests.Can_save_and_load_permissionRecord_with_customerRoles" executed="True" result="Success" success="True" time="0.801" asserts="4" />
                        </results>
                      </test-suite>
                    </results>
                  </test-suite>
                  <test-suite type="Namespace" name="Seo" executed="True" result="Success" success="True" time="0.696" asserts="0">
                    <results>
                      <test-suite type="TestFixture" name="UrlRecordPersistenceTests" executed="True" result="Success" success="True" time="0.696" asserts="0">
                        <results>
                          <test-case name="Nop.Data.Tests.Seo.UrlRecordPersistenceTests.Can_save_and_load_urlRecord" executed="True" result="Success" success="True" time="0.694" asserts="5" />
                        </results>
                      </test-suite>
                    </results>
                  </test-suite>
                  <test-suite type="Namespace" name="Shipping" executed="True" result="Success" success="True" time="5.394" asserts="0">
                    <results>
                      <test-suite type="TestFixture" name="DeliveryDatePersistenceTests" executed="True" result="Success" success="True" time="0.814" asserts="0">
                        <results>
                          <test-case name="Nop.Data.Tests.Shipping.DeliveryDatePersistenceTests.Can_save_and_load_deliveryDate" executed="True" result="Success" success="True" time="0.813" asserts="3" />
                        </results>
                      </test-suite>
                      <test-suite type="TestFixture" name="ShipmentItemPersistenceTests" executed="True" result="Success" success="True" time="0.788" asserts="0">
                        <results>
                          <test-case name="Nop.Data.Tests.Shipping.ShipmentItemPersistenceTests.Can_save_and_load_shipmentItem" executed="True" result="Success" success="True" time="0.787" asserts="5" />
                        </results>
                      </test-suite>
                      <test-suite type="TestFixture" name="ShipmentPersistenceTests" executed="True" result="Success" success="True" time="1.485" asserts="0">
                        <results>
                          <test-case name="Nop.Data.Tests.Shipping.ShipmentPersistenceTests.Can_save_and_load_shipment" executed="True" result="Success" success="True" time="0.720" asserts="7" />
                          <test-case name="Nop.Data.Tests.Shipping.ShipmentPersistenceTests.Can_save_and_load_shipment_with_items" executed="True" result="Success" success="True" time="0.764" asserts="4" />
                        </results>
                      </test-suite>
                      <test-suite type="TestFixture" name="ShippingMethodPersistenceTests" executed="True" result="Success" success="True" time="1.560" asserts="0">
                        <results>
                          <test-case name="Nop.Data.Tests.Shipping.ShippingMethodPersistenceTests.Can_save_and_load_shippingMethod" executed="True" result="Success" success="True" time="0.779" asserts="4" />
                          <test-case name="Nop.Data.Tests.Shipping.ShippingMethodPersistenceTests.Can_save_and_load_shippingMethod_with_restriction" executed="True" result="Success" success="True" time="0.778" asserts="4" />
                        </results>
                      </test-suite>
                      <test-suite type="TestFixture" name="WarehousePersistenceTests" executed="True" result="Success" success="True" time="0.740" asserts="0">
                        <results>
                          <test-case name="Nop.Data.Tests.Shipping.WarehousePersistenceTests.Can_save_and_load_warehouse" executed="True" result="Success" success="True" time="0.740" asserts="4" />
                        </results>
                      </test-suite>
                    </results>
                  </test-suite>
                  <test-suite type="Namespace" name="Stores" executed="True" result="Success" success="True" time="1.565" asserts="0">
                    <results>
                      <test-suite type="TestFixture" name="StoreMappingPersistenceTests" executed="True" result="Success" success="True" time="0.786" asserts="0">
                        <results>
                          <test-case name="Nop.Data.Tests.Stores.StoreMappingPersistenceTests.Can_save_and_load_storeMapping" executed="True" result="Success" success="True" time="0.786" asserts="4" />
                        </results>
                      </test-suite>
                      <test-suite type="TestFixture" name="StorePersistenceTests" executed="True" result="Success" success="True" time="0.777" asserts="0">
                        <results>
                          <test-case name="Nop.Data.Tests.Stores.StorePersistenceTests.Can_save_and_load_store" executed="True" result="Success" success="True" time="0.776" asserts="10" />
                        </results>
                      </test-suite>
                    </results>
                  </test-suite>
                  <test-suite type="Namespace" name="Tasks" executed="True" result="Success" success="True" time="0.789" asserts="0">
                    <results>
                      <test-suite type="TestFixture" name="ScheduleTaskPersistenceTests" executed="True" result="Success" success="True" time="0.789" asserts="0">
                        <results>
                          <test-case name="Nop.Data.Tests.Tasks.ScheduleTaskPersistenceTests.Can_save_and_load_scheduleTask" executed="True" result="Success" success="True" time="0.788" asserts="11" />
                        </results>
                      </test-suite>
                    </results>
                  </test-suite>
                  <test-suite type="Namespace" name="Tax" executed="True" result="Success" success="True" time="0.762" asserts="0">
                    <results>
                      <test-suite type="TestFixture" name="TaxCategoryPersistenceTests" executed="True" result="Success" success="True" time="0.762" asserts="0">
                        <results>
                          <test-case name="Nop.Data.Tests.Tax.TaxCategoryPersistenceTests.Can_save_and_load_taxCategory" executed="True" result="Success" success="True" time="0.761" asserts="3" />
                        </results>
                      </test-suite>
                    </results>
                  </test-suite>
                  <test-suite type="Namespace" name="Topics" executed="True" result="Success" success="True" time="1.574" asserts="0">
                    <results>
                      <test-suite type="TestFixture" name="TopicPersistenceTests" executed="True" result="Success" success="True" time="0.808" asserts="0">
                        <results>
                          <test-case name="Nop.Data.Tests.Topics.TopicPersistenceTests.Can_save_and_load_topic" executed="True" result="Success" success="True" time="0.807" asserts="19" />
                        </results>
                      </test-suite>
                      <test-suite type="TestFixture" name="TopicTemplatePersistenceTests" executed="True" result="Success" success="True" time="0.764" asserts="0">
                        <results>
                          <test-case name="Nop.Data.Tests.Topics.TopicTemplatePersistenceTests.Can_save_and_load_topicTemplate" executed="True" result="Success" success="True" time="0.762" asserts="4" />
                        </results>
                      </test-suite>
                    </results>
                  </test-suite>
                  <test-suite type="Namespace" name="Vendors" executed="True" result="Success" success="True" time="2.394" asserts="0">
                    <results>
                      <test-suite type="TestFixture" name="VendorNotePersistenceTests" executed="True" result="Success" success="True" time="0.822" asserts="0">
                        <results>
                          <test-case name="Nop.Data.Tests.Vendors.VendorNotePersistenceTests.Can_save_and_load_vendorNote" executed="True" result="Success" success="True" time="0.821" asserts="4" />
                        </results>
                      </test-suite>
                      <test-suite type="TestFixture" name="VendorPersistenceTests" executed="True" result="Success" success="True" time="1.570" asserts="0">
                        <results>
                          <test-case name="Nop.Data.Tests.Vendors.VendorPersistenceTests.Can_save_and_load_vendor" executed="True" result="Success" success="True" time="0.765" asserts="15" />
                          <test-case name="Nop.Data.Tests.Vendors.VendorPersistenceTests.Can_save_and_load_vendor_with_vendorNotes" executed="True" result="Success" success="True" time="0.803" asserts="4" />
                        </results>
                      </test-suite>
                    </results>
                  </test-suite>
                </results>
              </test-suite>
            </results>
          </test-suite>
        </results>
      </test-suite>
    </results>
  </test-suite>
</test-results>